app/build/intermediates/manifest_merge_blame_file/debug/manifest-merger-blame-debug-report.txt
1<?xml version="1.0" encoding="utf-8"?>
2<manifest xmlns:android="http://schemas.android.com/apk/res/android"
3    package="course.labs.todomanager"
4    android:versionCode="1"
5    android:versionName="1.0" >
6
7    <uses-sdk
8        android:minSdkVersion="26"
8-->src\main\AndroidManifest.xml
9        android:targetSdkVersion="31" />
9-->src\main\AndroidManifest.xml
10
11    <uses-permission android:name="android.permission.READ_CONTACTS" />
11-->src\main\AndroidManifest.xml:8:5-72
11-->src\main\AndroidManifest.xml:8:22-69
12    <uses-permission android:name="android.permission.READ_PHONE_STATE" />
12-->src\main\AndroidManifest.xml:9:5-75
12-->src\main\AndroidManifest.xml:9:22-72
13    <uses-permission android:name="android.permission.READ_CALL_LOG" />
13-->src\main\AndroidManifest.xml:10:5-72
13-->src\main\AndroidManifest.xml:10:22-69
14    <uses-permission android:name="android.permission.PROCESS_OUTGOING_CALLS" />
14-->src\main\AndroidManifest.xml:11:5-81
14-->src\main\AndroidManifest.xml:11:22-78
15
16    <application
16-->src\main\AndroidManifest.xml:14:5-40:19
17        android:allowBackup="true"
17-->src\main\AndroidManifest.xml:15:9-35
18        android:appComponentFactory="androidx.core.app.CoreComponentFactory"
18-->[androidx.core:core:1.3.2] AndroidManifest.xml:24:18-86
19        android:debuggable="true"
20        android:extractNativeLibs="false"
21        android:icon="@drawable/ic_launcher"
21-->src\main\AndroidManifest.xml:16:9-45
22        android:label="@string/app_name"
22-->src\main\AndroidManifest.xml:17:9-41
23        android:testOnly="true"
24        android:theme="@style/Theme.AppCompat.Light" >
24-->src\main\AndroidManifest.xml:18:9-53
25        <activity
25-->src\main\AndroidManifest.xml:19:9-27:20
26            android:name="course.labs.todomanager.ToDoManagerActivity"
26-->src\main\AndroidManifest.xml:20:13-48
27            android:exported="true" >
27-->src\main\AndroidManifest.xml:21:13-36
28            <intent-filter>
28-->src\main\AndroidManifest.xml:22:13-26:29
29                <action android:name="android.intent.action.MAIN" />
29-->src\main\AndroidManifest.xml:23:17-69
29-->src\main\AndroidManifest.xml:23:25-66
30
31                <category android:name="android.intent.category.LAUNCHER" />
31-->src\main\AndroidManifest.xml:25:17-77
31-->src\main\AndroidManifest.xml:25:27-74
32            </intent-filter>
33        </activity>
34        <activity android:name="course.labs.todomanager.AddToDoActivity" >
34-->src\main\AndroidManifest.xml:28:9-29:20
34-->src\main\AndroidManifest.xml:28:19-50
35        </activity>
36
37        <receiver
37-->src\main\AndroidManifest.xml:31:9-39:20
38            android:name="course.labs.todomanager.CallReceiver"
38-->src\main\AndroidManifest.xml:32:13-41
39            android:enabled="true"
39-->src\main\AndroidManifest.xml:33:13-35
40            android:exported="true" >
40-->src\main\AndroidManifest.xml:34:13-36
41            <intent-filter>
41-->src\main\AndroidManifest.xml:35:13-38:29
42                <action android:name="android.intent.action.PHONE_STATE" />
42-->src\main\AndroidManifest.xml:36:17-76
42-->src\main\AndroidManifest.xml:36:25-73
43                <action android:name="android.intent.action.NEW_OUTGOING_CALL" />
43-->src\main\AndroidManifest.xml:37:17-82
43-->src\main\AndroidManifest.xml:37:25-79
44            </intent-filter>
45        </receiver>
46    </application>
47
48</manifest>